客户端IP:::1,请求时间:[2023年03月10日 17:05:54],请求方式:GET,请求地址:/get_theis_title?theis_name=%E7%A8%80%E5%9C%9F&page_number=10&page_index=1,http协议版本:HTTP/1.1,请求状态码:200,响应时间:164.035206ms,客户端:PostmanRuntime/7.30.0，错误信息:
客户端IP:::1,请求时间:[2023年03月10日 17:05:59],请求方式:GET,请求地址:/get_theis_title?theis_name=%E7%A8%80%E5%9C%9F&page_number=10&page_index=1,http协议版本:HTTP/1.1,请求状态码:200,响应时间:168.17456ms,客户端:PostmanRuntime/7.30.0，错误信息:
客户端IP:::1,请求时间:[2023年03月10日 18:06:00],请求方式:GET,请求地址:/get_theis_title?theis_name=%E7%A8%80%E5%9C%9F&page_number=10&page_index=1,http协议版本:HTTP/1.1,请求状态码:200,响应时间:169.081724ms,客户端:PostmanRuntime/7.30.0，错误信息:
客户端IP:::1,请求时间:[2023年03月10日 18:06:12],请求方式:GET,请求地址:/get_theis_title?theis_name=%E7%A8%80%E5%9C%9F&page_number=10&page_index=1,http协议版本:HTTP/1.1,请求状态码:200,响应时间:158.289469ms,客户端:PostmanRuntime/7.30.0，错误信息:
客户端IP:::1,请求时间:[2023年03月10日 18:06:16],请求方式:GET,请求地址:/get_theis_title?theis_name=%E7%A8%80%E5%9C%9F&page_number=10&page_index=1,http协议版本:HTTP/1.1,请求状态码:200,响应时间:163.093531ms,客户端:PostmanRuntime/7.30.0，错误信息:
客户端IP:::1,请求时间:[2023年03月10日 18:06:17],请求方式:GET,请求地址:/get_theis_title?theis_name=%E7%A8%80%E5%9C%9F&page_number=10&page_index=1,http协议版本:HTTP/1.1,请求状态码:200,响应时间:7.571704716s,客户端:PostmanRuntime/7.30.0，错误信息:
客户端IP:::1,请求时间:[2023年03月10日 18:06:18],请求方式:GET,请求地址:/get_theis_title?theis_name=%E7%A8%80%E5%9C%9F&page_number=10&page_index=1,http协议版本:HTTP/1.1,请求状态码:200,响应时间:10.075684038s,客户端:PostmanRuntime/7.30.0，错误信息:
客户端IP:::1,请求时间:[2023年03月10日 18:06:18],请求方式:GET,请求地址:/get_theis_title?theis_name=%E7%A8%80%E5%9C%9F&page_number=10&page_index=1,http协议版本:HTTP/1.1,请求状态码:200,响应时间:14.530595028s,客户端:PostmanRuntime/7.30.0，错误信息:
客户端IP:::1,请求时间:[2023年03月10日 18:06:18],请求方式:GET,请求地址:/get_theis_title?theis_name=%E7%A8%80%E5%9C%9F&page_number=10&page_index=1,http协议版本:HTTP/1.1,请求状态码:200,响应时间:27.771729258s,客户端:PostmanRuntime/7.30.0，错误信息:
客户端IP:::1,请求时间:[2023年03月10日 18:06:18],请求方式:GET,请求地址:/get_theis_title?theis_name=%E7%A8%80%E5%9C%9F%20%20%20%E4%BB%98%E9%9B%85%E5%90%9B&page_number=10&page_index=1,http协议版本:HTTP/1.1,请求状态码:200,响应时间:3.423564301s,客户端:PostmanRuntime/7.30.0，错误信息:
客户端IP:::1,请求时间:[2023年03月10日 18:06:19],请求方式:GET,请求地址:/get_theis_title?theis_name=%E7%A8%80%E5%9C%9F%20%20%20%E4%BB%98%E9%9B%85%E5%90%9B&page_number=10&page_index=1,http协议版本:HTTP/1.1,请求状态码:200,响应时间:14.93731546s,客户端:PostmanRuntime/7.30.0，错误信息:
客户端IP:::1,请求时间:[2023年03月10日 18:06:19],请求方式:GET,请求地址:/get_theis_title?theis_name=%E7%A8%80%E5%9C%9F%20%20%20%E4%BB%98%E9%9B%85%E5%90%9B%20%E5%8C%96%E5%AD%A6%E5%B8%88%E8%8C%83&page_number=10&page_index=1,http协议版本:HTTP/1.1,请求状态码:200,响应时间:15.638738894s,客户端:PostmanRuntime/7.30.0，错误信息:
客户端IP:::1,请求时间:[2023年03月10日 18:06:20],请求方式:GET,请求地址:/get_theis_title?theis_name=%E7%A8%80%E5%9C%9F%20%20%20%E4%BB%98%E9%9B%85%E5%90%9B%20%E5%8C%96%E5%AD%A6%E5%B8%88%E8%8C%83%20%E4%BA%8C%E6%B0%A7%E5%8C%96%E9%92%9B&page_number=10&page_index=1,http协议版本:HTTP/1.1,请求状态码:200,响应时间:17.644536341s,客户端:PostmanRuntime/7.30.0，错误信息:
客户端IP:::1,请求时间:[2023年03月10日 18:06:20],请求方式:GET,请求地址:/get_theis_title?theis_name=%E7%A8%80%E5%9C%9F%20%20%20%E4%BB%98%E9%9B%85%E5%90%9B%20%E5%8C%96%E5%AD%A6%E5%B8%88%E8%8C%83%20%E4%BA%8C%E6%B0%A7%E5%8C%96%E9%92%9B&page_number=10&page_index=1,http协议版本:HTTP/1.1,请求状态码:200,响应时间:8.685393064s,客户端:PostmanRuntime/7.30.0，错误信息:
客户端IP:::1,请求时间:[2023年03月10日 18:06:21],请求方式:GET,请求地址:/get_theis_title?theis_name=%E4%B8%89%E5%85%83%20%E6%A8%A1%E5%9E%8B%E8%BE%A8%E8%AF%86&page_number=10&page_index=1,http协议版本:HTTP/1.1,请求状态码:200,响应时间:4.138736848s,客户端:PostmanRuntime/7.30.0，错误信息:
客户端IP:::1,请求时间:[2023年03月10日 18:06:21],请求方式:GET,请求地址:/get_theis_title?theis_name=%E4%B8%89%E5%85%83%20%E6%A8%A1%E5%9E%8B%E8%BE%A8%E8%AF%86&page_number=10&page_index=1,http协议版本:HTTP/1.1,请求状态码:200,响应时间:250.720434ms,客户端:PostmanRuntime/7.30.0，错误信息:
客户端IP:::1,请求时间:[2023年03月10日 18:06:23],请求方式:GET,请求地址:/get_theis_title?theis_name=%E4%B8%89%E5%85%83%20%E6%A8%A1%E5%9E%8B%E8%BE%A8%E8%AF%86&page_number=10&page_index=1,http协议版本:HTTP/1.1,请求状态码:200,响应时间:244.669688ms,客户端:PostmanRuntime/7.30.0，错误信息:
客户端IP:::1,请求时间:[2023年03月10日 18:06:23],请求方式:GET,请求地址:/get_theis_title?theis_name=%E5%8F%82%E6%95%B0%E8%BE%A8%E8%AF%86&page_number=10&page_index=1,http协议版本:HTTP/1.1,请求状态码:200,响应时间:241.321246ms,客户端:PostmanRuntime/7.30.0，错误信息:
客户端IP:::1,请求时间:[2023年03月10日 18:06:24],请求方式:GET,请求地址:/get_theis_title?theis_name=%E5%8F%82%E6%95%B0%E8%BE%A8%E8%AF%86%20%E6%89%A9%E5%B1%95%E5%8D%A1%E5%B0%94%E6%9B%BC%E6%BB%A4&page_number=10&page_index=1,http协议版本:HTTP/1.1,请求状态码:200,响应时间:240.695998ms,客户端:PostmanRuntime/7.30.0，错误信息:
客户端IP:::1,请求时间:[2023年03月10日 18:06:25],请求方式:GET,请求地址:/get_theis_title?theis_name=%E5%8F%82%E6%95%B0%E8%BE%A8%E8%AF%86%20%E6%89%A9%E5%B1%95%E5%8D%A1%E5%B0%94%E6%9B%BC%E6%BB%A4&page_number=10&page_index=1,http协议版本:HTTP/1.1,请求状态码:200,响应时间:241.945187ms,客户端:PostmanRuntime/7.30.0，错误信息:
客户端IP:::1,请求时间:[2023年03月10日 18:06:25],请求方式:GET,请求地址:/get_theis_title?theis_name=%E5%8F%82%E6%95%B0%E8%BE%A8%E8%AF%86%20%E6%89%A9%E5%B1%95%E5%8D%A1%E5%B0%94%E6%9B%BC%E6%BB%A4%20%E7%94%B5%E6%9C%BA%20%E7%94%B5%E6%9C%BA%20%E5%8E%9F%E6%96%87&page_number=10&page_index=1,http协议版本:HTTP/1.1,请求状态码:200,响应时间:256.253735ms,客户端:PostmanRuntime/7.30.0，错误信息:
客户端IP:::1,请求时间:[2023年03月10日 18:06:31],请求方式:GET,请求地址:/get_theis_title?theis_name=%E5%8F%82%E6%95%B0%E8%BE%A8%E8%AF%86%20%E6%89%A9%E5%B1%95%E5%8D%A1%E5%B0%94%E6%9B%BC%E6%BB%A4%20%E7%94%B5%E6%9C%BA%20%E7%94%B5%E6%9C%BA%20%E5%8E%9F%E6%96%87&page_number=10&page_index=1,http协议版本:HTTP/1.1,请求状态码:200,响应时间:7.102112332s,客户端:PostmanRuntime/7.30.0，错误信息:
客户端IP:::1,请求时间:[2023年03月10日 18:06:32],请求方式:GET,请求地址:/get_theis_title?theis_name=&page_number=10&page_index=1,http协议版本:HTTP/1.1,请求状态码:200,响应时间:6.320956862s,客户端:PostmanRuntime/7.30.0，错误信息:
客户端IP:::1,请求时间:[2023年03月10日 18:06:38],请求方式:GET,请求地址:/get_theis_title?theis_name=&page_number=10&page_index=1,http协议版本:HTTP/1.1,请求状态码:200,响应时间:54.2607ms,客户端:PostmanRuntime/7.30.0，错误信息:
客户端IP:::1,请求时间:[2023年03月10日 18:06:40],请求方式:GET,请求地址:/get_theis_title?theis_name=&page_number=10&page_index=1,http协议版本:HTTP/1.1,请求状态码:200,响应时间:50.320877ms,客户端:PostmanRuntime/7.30.0，错误信息:
2023/03/10 18:43:19.866296 /Users/mac/工作/goland/my_github/thesis_title/main.go:59: theisName=
2023/03/10 18:43:19.866433 /Users/mac/工作/goland/my_github/thesis_title/main.go:61: ,pageNumber=10
2023/03/10 18:43:19.866447 /Users/mac/工作/goland/my_github/thesis_title/main.go:63: ,pageIndex=1
客户端IP:::1,请求时间:[2023年03月10日 18:06:43],请求方式:GET,请求地址:/get_theis_title?theis_name=&page_number=10&page_index=1,http协议版本:HTTP/1.1,请求状态码:200,响应时间:52.617228ms,客户端:PostmanRuntime/7.30.0，错误信息:
2023/03/10 18:43:31.090655 /Users/mac/工作/goland/my_github/thesis_title/main.go:59: theisName=
2023/03/10 18:43:31.090689 /Users/mac/工作/goland/my_github/thesis_title/main.go:61: ,pageNumber=10
2023/03/10 18:43:31.090703 /Users/mac/工作/goland/my_github/thesis_title/main.go:63: ,pageIndex=1
客户端IP:::1,请求时间:[2023年03月10日 18:06:43],请求方式:GET,请求地址:/get_theis_title?theis_name=&page_number=10&page_index=1,http协议版本:HTTP/1.1,请求状态码:200,响应时间:50.139815ms,客户端:PostmanRuntime/7.30.0，错误信息:
2023/03/10 18:43:40.438014 /Users/mac/工作/goland/my_github/thesis_title/main.go:59: theisName=aa
2023/03/10 18:43:40.438055 /Users/mac/工作/goland/my_github/thesis_title/main.go:61: ,pageNumber=10
2023/03/10 18:43:40.438069 /Users/mac/工作/goland/my_github/thesis_title/main.go:63: ,pageIndex=1
客户端IP:::1,请求时间:[2023年03月10日 18:06:43],请求方式:GET,请求地址:/get_theis_title?theis_name=aa&page_number=10&page_index=1,http协议版本:HTTP/1.1,请求状态码:200,响应时间:144.850949ms,客户端:PostmanRuntime/7.30.0，错误信息:
